This is pdfTeX, Version 3.14159265-2.6-1.40.15 (TeX Live 2014) (preloaded format=cslatex 2015.1.20)  25 APR 2015 12:05
entering extended mode
 restricted \write18 enabled.
 %&-line parsing enabled.
**thesis.tex
(./thesis.tex
***** WARNING ******** CSLaTeX is obsolete, don't use it please *****
***** You can use ``normal'' LaTeX+Babel or XeLaTeX+polyglossia *****
LaTeX2e <2014/05/01>
Loading CZ hyphenation patterns: Pavel Sevecek, v3, 1995
Loading SK hyphenation patterns: Jana Chlebikova, 1992
(/usr/local/texlive/2014/texmf-dist/tex/latex/base/report.cls
Document Class: report 2007/10/19 v1.4h Standard LaTeX document class
(/usr/local/texlive/2014/texmf-dist/tex/latex/base/size12.clo
File: size12.clo 2007/10/19 v1.4h Standard LaTeX file (size option)
)
\c@part=\count79
\c@chapter=\count80
\c@section=\count81
\c@subsection=\count82
\c@subsubsection=\count83
\c@paragraph=\count84
\c@subparagraph=\count85
\c@figure=\count86
\c@table=\count87
\abovecaptionskip=\skip41
\belowcaptionskip=\skip42
\bibindent=\dimen102
)
(/usr/local/texlive/2014/texmf-dist/tex/latex/base/inputenc.sty
Package: inputenc 2014/04/30 v1.2b Input encoding file
\inpenc@prehook=\toks16
\inpenc@posthook=\toks17

(/usr/local/texlive/2014/texmf-dist/tex/latex/base/utf8.def
File: utf8.def 2008/04/05 v1.1m UTF-8 support for inputenc
Now handling font encoding OML ...
... no UTF-8 mapping file for font encoding OML
Now handling font encoding T1 ...
... processing UTF-8 mapping file for font encoding T1

(/usr/local/texlive/2014/texmf-dist/tex/latex/base/t1enc.dfu
File: t1enc.dfu 2008/04/05 v1.1m UTF-8 support for inputenc
   defining Unicode char U+00A1 (decimal 161)
   defining Unicode char U+00A3 (decimal 163)
   defining Unicode char U+00AB (decimal 171)
   defining Unicode char U+00BB (decimal 187)
   defining Unicode char U+00BF (decimal 191)
   defining Unicode char U+00C0 (decimal 192)
   defining Unicode char U+00C1 (decimal 193)
   defining Unicode char U+00C2 (decimal 194)
   defining Unicode char U+00C3 (decimal 195)
   defining Unicode char U+00C4 (decimal 196)
   defining Unicode char U+00C5 (decimal 197)
   defining Unicode char U+00C6 (decimal 198)
   defining Unicode char U+00C7 (decimal 199)
   defining Unicode char U+00C8 (decimal 200)
   defining Unicode char U+00C9 (decimal 201)
   defining Unicode char U+00CA (decimal 202)
   defining Unicode char U+00CB (decimal 203)
   defining Unicode char U+00CC (decimal 204)
   defining Unicode char U+00CD (decimal 205)
   defining Unicode char U+00CE (decimal 206)
   defining Unicode char U+00CF (decimal 207)
   defining Unicode char U+00D0 (decimal 208)
   defining Unicode char U+00D1 (decimal 209)
   defining Unicode char U+00D2 (decimal 210)
   defining Unicode char U+00D3 (decimal 211)
   defining Unicode char U+00D4 (decimal 212)
   defining Unicode char U+00D5 (decimal 213)
   defining Unicode char U+00D6 (decimal 214)
   defining Unicode char U+00D8 (decimal 216)
   defining Unicode char U+00D9 (decimal 217)
   defining Unicode char U+00DA (decimal 218)
   defining Unicode char U+00DB (decimal 219)
   defining Unicode char U+00DC (decimal 220)
   defining Unicode char U+00DD (decimal 221)
   defining Unicode char U+00DE (decimal 222)
   defining Unicode char U+00DF (decimal 223)
   defining Unicode char U+00E0 (decimal 224)
   defining Unicode char U+00E1 (decimal 225)
   defining Unicode char U+00E2 (decimal 226)
   defining Unicode char U+00E3 (decimal 227)
   defining Unicode char U+00E4 (decimal 228)
   defining Unicode char U+00E5 (decimal 229)
   defining Unicode char U+00E6 (decimal 230)
   defining Unicode char U+00E7 (decimal 231)
   defining Unicode char U+00E8 (decimal 232)
   defining Unicode char U+00E9 (decimal 233)
   defining Unicode char U+00EA (decimal 234)
   defining Unicode char U+00EB (decimal 235)
   defining Unicode char U+00EC (decimal 236)
   defining Unicode char U+00ED (decimal 237)
   defining Unicode char U+00EE (decimal 238)
   defining Unicode char U+00EF (decimal 239)
   defining Unicode char U+00F0 (decimal 240)
   defining Unicode char U+00F1 (decimal 241)
   defining Unicode char U+00F2 (decimal 242)
   defining Unicode char U+00F3 (decimal 243)
   defining Unicode char U+00F4 (decimal 244)
   defining Unicode char U+00F5 (decimal 245)
   defining Unicode char U+00F6 (decimal 246)
   defining Unicode char U+00F8 (decimal 248)
   defining Unicode char U+00F9 (decimal 249)
   defining Unicode char U+00FA (decimal 250)
   defining Unicode char U+00FB (decimal 251)
   defining Unicode char U+00FC (decimal 252)
   defining Unicode char U+00FD (decimal 253)
   defining Unicode char U+00FE (decimal 254)
   defining Unicode char U+00FF (decimal 255)
   defining Unicode char U+0102 (decimal 258)
   defining Unicode char U+0103 (decimal 259)
   defining Unicode char U+0104 (decimal 260)
   defining Unicode char U+0105 (decimal 261)
   defining Unicode char U+0106 (decimal 262)
   defining Unicode char U+0107 (decimal 263)
   defining Unicode char U+010C (decimal 268)
   defining Unicode char U+010D (decimal 269)
   defining Unicode char U+010E (decimal 270)
   defining Unicode char U+010F (decimal 271)
   defining Unicode char U+0110 (decimal 272)
   defining Unicode char U+0111 (decimal 273)
   defining Unicode char U+0118 (decimal 280)
   defining Unicode char U+0119 (decimal 281)
   defining Unicode char U+011A (decimal 282)
   defining Unicode char U+011B (decimal 283)
   defining Unicode char U+011E (decimal 286)
   defining Unicode char U+011F (decimal 287)
   defining Unicode char U+0130 (decimal 304)
   defining Unicode char U+0131 (decimal 305)
   defining Unicode char U+0132 (decimal 306)
   defining Unicode char U+0133 (decimal 307)
   defining Unicode char U+0139 (decimal 313)
   defining Unicode char U+013A (decimal 314)
   defining Unicode char U+013D (decimal 317)
   defining Unicode char U+013E (decimal 318)
   defining Unicode char U+0141 (decimal 321)
   defining Unicode char U+0142 (decimal 322)
   defining Unicode char U+0143 (decimal 323)
   defining Unicode char U+0144 (decimal 324)
   defining Unicode char U+0147 (decimal 327)
   defining Unicode char U+0148 (decimal 328)
   defining Unicode char U+014A (decimal 330)
   defining Unicode char U+014B (decimal 331)
   defining Unicode char U+0150 (decimal 336)
   defining Unicode char U+0151 (decimal 337)
   defining Unicode char U+0152 (decimal 338)
   defining Unicode char U+0153 (decimal 339)
   defining Unicode char U+0154 (decimal 340)
   defining Unicode char U+0155 (decimal 341)
   defining Unicode char U+0158 (decimal 344)
   defining Unicode char U+0159 (decimal 345)
   defining Unicode char U+015A (decimal 346)
   defining Unicode char U+015B (decimal 347)
   defining Unicode char U+015E (decimal 350)
   defining Unicode char U+015F (decimal 351)
   defining Unicode char U+0160 (decimal 352)
   defining Unicode char U+0161 (decimal 353)
   defining Unicode char U+0162 (decimal 354)
   defining Unicode char U+0163 (decimal 355)
   defining Unicode char U+0164 (decimal 356)
   defining Unicode char U+0165 (decimal 357)
   defining Unicode char U+016E (decimal 366)
   defining Unicode char U+016F (decimal 367)
   defining Unicode char U+0170 (decimal 368)
   defining Unicode char U+0171 (decimal 369)
   defining Unicode char U+0178 (decimal 376)
   defining Unicode char U+0179 (decimal 377)
   defining Unicode char U+017A (decimal 378)
   defining Unicode char U+017B (decimal 379)
   defining Unicode char U+017C (decimal 380)
   defining Unicode char U+017D (decimal 381)
   defining Unicode char U+017E (decimal 382)
   defining Unicode char U+200C (decimal 8204)
   defining Unicode char U+2013 (decimal 8211)
   defining Unicode char U+2014 (decimal 8212)
   defining Unicode char U+2018 (decimal 8216)
   defining Unicode char U+2019 (decimal 8217)
   defining Unicode char U+201A (decimal 8218)
   defining Unicode char U+201C (decimal 8220)
   defining Unicode char U+201D (decimal 8221)
   defining Unicode char U+201E (decimal 8222)
   defining Unicode char U+2030 (decimal 8240)
   defining Unicode char U+2031 (decimal 8241)
   defining Unicode char U+2039 (decimal 8249)
   defining Unicode char U+203A (decimal 8250)
   defining Unicode char U+2423 (decimal 9251)
)
Now handling font encoding OT1 ...
... processing UTF-8 mapping file for font encoding OT1

(/usr/local/texlive/2014/texmf-dist/tex/latex/base/ot1enc.dfu
File: ot1enc.dfu 2008/04/05 v1.1m UTF-8 support for inputenc
   defining Unicode char U+00A1 (decimal 161)
   defining Unicode char U+00A3 (decimal 163)
   defining Unicode char U+00B8 (decimal 184)
   defining Unicode char U+00BF (decimal 191)
   defining Unicode char U+00C5 (decimal 197)
   defining Unicode char U+00C6 (decimal 198)
   defining Unicode char U+00D8 (decimal 216)
   defining Unicode char U+00DF (decimal 223)
   defining Unicode char U+00E6 (decimal 230)
   defining Unicode char U+00EC (decimal 236)
   defining Unicode char U+00ED (decimal 237)
   defining Unicode char U+00EE (decimal 238)
   defining Unicode char U+00EF (decimal 239)
   defining Unicode char U+00F8 (decimal 248)
   defining Unicode char U+0131 (decimal 305)
   defining Unicode char U+0141 (decimal 321)
   defining Unicode char U+0142 (decimal 322)
   defining Unicode char U+0152 (decimal 338)
   defining Unicode char U+0153 (decimal 339)
   defining Unicode char U+2013 (decimal 8211)
   defining Unicode char U+2014 (decimal 8212)
   defining Unicode char U+2018 (decimal 8216)
   defining Unicode char U+2019 (decimal 8217)
   defining Unicode char U+201C (decimal 8220)
   defining Unicode char U+201D (decimal 8221)
)
Now handling font encoding IL2 ...
... no UTF-8 mapping file for font encoding IL2
Now handling font encoding OMS ...
... processing UTF-8 mapping file for font encoding OMS

(/usr/local/texlive/2014/texmf-dist/tex/latex/base/omsenc.dfu
File: omsenc.dfu 2008/04/05 v1.1m UTF-8 support for inputenc
   defining Unicode char U+00A7 (decimal 167)
   defining Unicode char U+00B6 (decimal 182)
   defining Unicode char U+00B7 (decimal 183)
   defining Unicode char U+2020 (decimal 8224)
   defining Unicode char U+2021 (decimal 8225)
   defining Unicode char U+2022 (decimal 8226)
)
Now handling font encoding OMX ...
... no UTF-8 mapping file for font encoding OMX
Now handling font encoding U ...
... no UTF-8 mapping file for font encoding U
   defining Unicode char U+00A9 (decimal 169)
   defining Unicode char U+00AA (decimal 170)
   defining Unicode char U+00AE (decimal 174)
   defining Unicode char U+00BA (decimal 186)
   defining Unicode char U+02C6 (decimal 710)
   defining Unicode char U+02DC (decimal 732)
   defining Unicode char U+200C (decimal 8204)
   defining Unicode char U+2026 (decimal 8230)
   defining Unicode char U+2122 (decimal 8482)
   defining Unicode char U+2423 (decimal 9251)
))
(/usr/local/texlive/2014/texmf-dist/tex/latex/graphics/graphicx.sty
Package: graphicx 2014/04/25 v1.0g Enhanced LaTeX Graphics (DPC,SPQR)

(/usr/local/texlive/2014/texmf-dist/tex/latex/graphics/keyval.sty
Package: keyval 2014/05/08 v1.15 key=value parser (DPC)
\KV@toks@=\toks18
)
(/usr/local/texlive/2014/texmf-dist/tex/latex/graphics/graphics.sty
Package: graphics 2009/02/05 v1.0o Standard LaTeX Graphics (DPC,SPQR)

(/usr/local/texlive/2014/texmf-dist/tex/latex/graphics/trig.sty
Package: trig 1999/03/16 v1.09 sin cos tan (DPC)
)
(/usr/local/texlive/2014/texmf-dist/tex/latex/latexconfig/graphics.cfg
File: graphics.cfg 2010/04/23 v1.9 graphics configuration of TeX Live
)
Package graphics Info: Driver file: dvips.def on input line 91.

(/usr/local/texlive/2014/texmf-dist/tex/latex/graphics/dvips.def
File: dvips.def 2014/04/23 v3.0j Driver-dependant file (DPC,SPQR)
))
\Gin@req@height=\dimen103
\Gin@req@width=\dimen104
)
(/usr/local/texlive/2014/texmf-dist/tex/latex/amscls/amsthm.sty
Package: amsthm 2004/08/06 v2.20
\thm@style=\toks19
\thm@bodyfont=\toks20
\thm@headfont=\toks21
\thm@notefont=\toks22
\thm@headpunct=\toks23
\thm@preskip=\skip43
\thm@postskip=\skip44
\thm@headsep=\skip45
\dth@everypar=\toks24
)
(/usr/local/texlive/2014/texmf-dist/tex/latex/hyperref/hyperref.sty
Package: hyperref 2012/11/06 v6.83m Hypertext links for LaTeX

(/usr/local/texlive/2014/texmf-dist/tex/generic/oberdiek/hobsub-hyperref.sty
Package: hobsub-hyperref 2012/05/28 v1.13 Bundle oberdiek, subset hyperref (HO)


(/usr/local/texlive/2014/texmf-dist/tex/generic/oberdiek/hobsub-generic.sty
Package: hobsub-generic 2012/05/28 v1.13 Bundle oberdiek, subset generic (HO)
Package: hobsub 2012/05/28 v1.13 Construct package bundles (HO)
Package: infwarerr 2010/04/08 v1.3 Providing info/warning/error messages (HO)
Package: ltxcmds 2011/11/09 v1.22 LaTeX kernel commands for general use (HO)
Package: ifluatex 2010/03/01 v1.3 Provides the ifluatex switch (HO)
Package ifluatex Info: LuaTeX not detected.
Package: ifvtex 2010/03/01 v1.5 Detect VTeX and its facilities (HO)
Package ifvtex Info: VTeX not detected.
Package: intcalc 2007/09/27 v1.1 Expandable calculations with integers (HO)
Package: ifpdf 2011/01/30 v2.3 Provides the ifpdf switch (HO)
Package ifpdf Info: pdfTeX in PDF mode is not detected.
Package: etexcmds 2011/02/16 v1.5 Avoid name clashes with e-TeX commands (HO)
Package etexcmds Info: Could not find \expanded.
(etexcmds)             That can mean that you are not using pdfTeX 1.50 or
(etexcmds)             that some package has redefined \expanded.
(etexcmds)             In the latter case, load this package earlier.
Package: kvsetkeys 2012/04/25 v1.16 Key value parser (HO)
Package: kvdefinekeys 2011/04/07 v1.3 Define keys (HO)
Package: pdftexcmds 2011/11/29 v0.20 Utility functions of pdfTeX for LuaTeX (HO
)
Package pdftexcmds Info: LuaTeX not detected.
Package pdftexcmds Info: \pdf@primitive is available.
Package pdftexcmds Info: \pdf@ifprimitive is available.
Package pdftexcmds Info: \pdfdraftmode is ignored in DVI mode.
Package: pdfescape 2011/11/25 v1.13 Implements pdfTeX's escape features (HO)
Package: bigintcalc 2012/04/08 v1.3 Expandable calculations on big integers (HO
)
Package: bitset 2011/01/30 v1.1 Handle bit-vector datatype (HO)
Package: uniquecounter 2011/01/30 v1.2 Provide unlimited unique counter (HO)
)
Package hobsub Info: Skipping package `hobsub' (already loaded).
Package: letltxmacro 2010/09/02 v1.4 Let assignment for LaTeX macros (HO)
Package: hopatch 2012/05/28 v1.2 Wrapper for package hooks (HO)
Package: xcolor-patch 2011/01/30 xcolor patch
Package: atveryend 2011/06/30 v1.8 Hooks at the very end of document (HO)
Package atveryend Info: \enddocument detected (standard20110627).
Package: atbegshi 2011/10/05 v1.16 At begin shipout hook (HO)
Package: refcount 2011/10/16 v3.4 Data extraction from label references (HO)
Package: hycolor 2011/01/30 v1.7 Color options for hyperref/bookmark (HO)
)
(/usr/local/texlive/2014/texmf-dist/tex/generic/ifxetex/ifxetex.sty
Package: ifxetex 2010/09/12 v0.6 Provides ifxetex conditional
)
(/usr/local/texlive/2014/texmf-dist/tex/latex/oberdiek/auxhook.sty
Package: auxhook 2011/03/04 v1.3 Hooks for auxiliary files (HO)
)
(/usr/local/texlive/2014/texmf-dist/tex/latex/oberdiek/kvoptions.sty
Package: kvoptions 2011/06/30 v3.11 Key value format for package options (HO)
)
\@linkdim=\dimen105
\Hy@linkcounter=\count88
\Hy@pagecounter=\count89

(/usr/local/texlive/2014/texmf-dist/tex/latex/hyperref/pd1enc.def
File: pd1enc.def 2012/11/06 v6.83m Hyperref: PDFDocEncoding definition (HO)
Now handling font encoding PD1 ...
... no UTF-8 mapping file for font encoding PD1
)
\Hy@SavedSpaceFactor=\count90

(/usr/local/texlive/2014/texmf-dist/tex/latex/latexconfig/hyperref.cfg
File: hyperref.cfg 2002/06/06 v1.2 hyperref configuration of TeXLive
)
Package hyperref Info: Option `unicode' set `true' on input line 4319.

(/usr/local/texlive/2014/texmf-dist/tex/latex/hyperref/puenc.def
File: puenc.def 2012/11/06 v6.83m Hyperref: PDF Unicode definition (HO)
Now handling font encoding PU ...
... no UTF-8 mapping file for font encoding PU
)
Package hyperref Info: Hyper figures OFF on input line 4443.
Package hyperref Info: Link nesting OFF on input line 4448.
Package hyperref Info: Hyper index ON on input line 4451.
Package hyperref Info: Plain pages OFF on input line 4458.
Package hyperref Info: Backreferencing OFF on input line 4463.
Package hyperref Info: Implicit mode ON; LaTeX internals redefined.
Package hyperref Info: Bookmarks ON on input line 4688.
\c@Hy@tempcnt=\count91

(/usr/local/texlive/2014/texmf-dist/tex/latex/url/url.sty
\Urlmuskip=\muskip10
Package: url 2013/09/16  ver 3.4  Verb mode for urls, etc.
)
LaTeX Info: Redefining \url on input line 5041.
\XeTeXLinkMargin=\dimen106
\Fld@menulength=\count92
\Field@Width=\dimen107
\Fld@charsize=\dimen108
Package hyperref Info: Hyper figures OFF on input line 6295.
Package hyperref Info: Link nesting OFF on input line 6300.
Package hyperref Info: Hyper index ON on input line 6303.
Package hyperref Info: backreferencing OFF on input line 6310.
Package hyperref Info: Link coloring OFF on input line 6315.
Package hyperref Info: Link coloring with OCG OFF on input line 6320.
Package hyperref Info: PDF/A mode OFF on input line 6325.
LaTeX Info: Redefining \ref on input line 6365.
LaTeX Info: Redefining \pageref on input line 6369.
\Hy@abspage=\count93
\c@Item=\count94
\c@Hfootnote=\count95
)

Package hyperref Message: Driver: hdvips.

(/usr/local/texlive/2014/texmf-dist/tex/latex/hyperref/hdvips.def
File: hdvips.def 2012/11/06 v6.83m Hyperref driver for dvips

(/usr/local/texlive/2014/texmf-dist/tex/latex/hyperref/pdfmark.def
File: pdfmark.def 2012/11/06 v6.83m Hyperref definitions for pdfmark specials
\pdf@docset=\toks25
\pdf@box=\box26
\pdf@toks=\toks26
\pdf@defaulttoks=\toks27
\HyField@AnnotCount=\count96
\Fld@listcount=\count97
\c@bookmark@seq@number=\count98

(/usr/local/texlive/2014/texmf-dist/tex/latex/oberdiek/rerunfilecheck.sty
Package: rerunfilecheck 2011/04/15 v1.7 Rerun checks for auxiliary files (HO)
Package uniquecounter Info: New unique counter `rerunfilecheck' on input line 2
82.
)
\Hy@SectionHShift=\skip46
))
(./thesis.aux (./preface.aux) (./chapters/02_online_education.aux)
(./chapters/03_technological_enhancements.aux)
(./chapters/04_short_specification.aux)
(./chapters/05_choice_of_technologies.aux) (./chapters/06_file_format.aux)
(./chapters/07_implementation.aux) (./chapters/08_integration.aux)
(./chapters/09_testing.aux) (./chapters/10_user_documentation.aux)
(./chapters/11_programmers_documentation.aux) (./epilog.aux)
(./bibliography.aux

LaTeX Warning: Label `' multiply defined.


LaTeX Warning: Label `' multiply defined.


LaTeX Warning: Label `' multiply defined.


LaTeX Warning: Label `' multiply defined.


LaTeX Warning: Label `' multiply defined.


LaTeX Warning: Label `' multiply defined.

))
\openout1 = `thesis.aux'.

LaTeX Font Info:    Checking defaults for OML/cmm/m/it on input line 67.
LaTeX Font Info:    ... okay on input line 67.
LaTeX Font Info:    Checking defaults for T1/cmr/m/n on input line 67.
LaTeX Font Info:    ... okay on input line 67.
LaTeX Font Info:    Checking defaults for OT1/cmr/m/n on input line 67.
LaTeX Font Info:    ... okay on input line 67.
LaTeX Font Info:    Checking defaults for IL2/cmr/m/n on input line 67.
LaTeX Font Info:    ... okay on input line 67.
LaTeX Font Info:    Checking defaults for OMS/cmsy/m/n on input line 67.
LaTeX Font Info:    ... okay on input line 67.
LaTeX Font Info:    Checking defaults for OMX/cmex/m/n on input line 67.
LaTeX Font Info:    ... okay on input line 67.
LaTeX Font Info:    Checking defaults for U/cmr/m/n on input line 67.
LaTeX Font Info:    ... okay on input line 67.
LaTeX Font Info:    Checking defaults for PD1/pdf/m/n on input line 67.
LaTeX Font Info:    ... okay on input line 67.
LaTeX Font Info:    Checking defaults for PU/pdf/m/n on input line 67.
LaTeX Font Info:    ... okay on input line 67.
\AtBeginShipoutBox=\box27
Package hyperref Info: Link coloring OFF on input line 67.
 (/usr/local/texlive/2014/texmf-dist/tex/latex/hyperref/nameref.sty
Package: nameref 2012/10/27 v2.43 Cross-referencing by name of section

(/usr/local/texlive/2014/texmf-dist/tex/generic/oberdiek/gettitlestring.sty
Package: gettitlestring 2010/12/03 v1.4 Cleanup title references (HO)
)
\c@section@level=\count99
)
LaTeX Info: Redefining \ref on input line 67.
LaTeX Info: Redefining \pageref on input line 67.
LaTeX Info: Redefining \nameref on input line 67.

(./thesis.out) (./thesis.out)
\@outlinefile=\write3
\openout3 = `thesis.out'.

\openout2 = `macros/htmlcssjs_syntax.aux'.

 (./macros/htmlcssjs_syntax.tex

! LaTeX Error: Can be used only in preamble.

See the LaTeX manual or LaTeX Companion for explanation.
Type  H <return>  for immediate help.
 ...                                              
                                                  
l.1 \documentclass
                  {scrreprt}
? 

! LaTeX Error: Can be used only in preamble.

See the LaTeX manual or LaTeX Companion for explanation.
Type  H <return>  for immediate help.
 ...                                              
                                                  
l.3 \usepackage
               {color}
? 
! Undefined control sequence.
l.4 \definecolor
                {lightgray}{rgb}{0.95, 0.95, 0.95}
? 
! Undefined control sequence.
l.5 \definecolor
                {darkgray}{rgb}{0.4, 0.4, 0.4}
? 
! Undefined control sequence.
l.7 \definecolor
                {editorGray}{rgb}{0.95, 0.95, 0.95}
? 
! Undefined control sequence.
l.8 \definecolor
                {editorOcher}{rgb}{1, 0.5, 0} % #FF7F00 -> rgb(239, 169, 0)
? 
! Undefined control sequence.
l.9 \definecolor
                {editorGreen}{rgb}{0, 0.5, 0} % #007C00 -> rgb(0, 124, 0)
? 
! Undefined control sequence.
l.10 \definecolor
                 {orange}{rgb}{1,0.45,0.13}
? 
! Undefined control sequence.
l.11 \definecolor
                 {olive}{rgb}{0.17,0.59,0.20}
? 
! Undefined control sequence.
l.12 \definecolor
                 {brown}{rgb}{0.69,0.31,0.31}
? 
! Undefined control sequence.
l.13 \definecolor
                 {purple}{rgb}{0.38,0.18,0.81}
? 
! Undefined control sequence.
l.14 \definecolor
                 {lightblue}{rgb}{0.1,0.57,0.7}
? 
! Undefined control sequence.
l.15 \definecolor
                 {lightred}{rgb}{1,0.4,0.5}
? 

! LaTeX Error: Can be used only in preamble.

See the LaTeX manual or LaTeX Companion for explanation.
Type  H <return>  for immediate help.
 ...                                              
                                                  
l.16 \usepackage
                {upquote}
? 

! LaTeX Error: Can be used only in preamble.

See the LaTeX manual or LaTeX Companion for explanation.
Type  H <return>  for immediate help.
 ...                                              
                                                  
l.17 \usepackage
                {listings}
? 
! Undefined control sequence.
l.19 \lstdefinelanguage
                       {CSS}{
? 

Overfull \hbox (33.81514pt too wide) in paragraph at lines 1--29
[]\OT1/cmr/m/n/12 scrreprt col-or lightgrayrgb0.95, 0.95, 0.95 dark-grayrgb0.4,
 0.4, 0.4 ed-i-torGrayrgb0.95,
 []


Overfull \hbox (60.69402pt too wide) in paragraph at lines 1--29
\OT1/cmr/m/n/12 oliv-ergb0.17,0.59,0.20 brown-rgb0.69,0.31,0.31 pur-p-lergb0.38
,0.18,0.81 light-bluergb0.1,0.57,0.7
 []


Overfull \hbox (536.82388pt too wide) in paragraph at lines 1--29
\OT1/cmr/m/n/12 lightre-drgb1,0.4,0.5 up-quote list-ings CSS keywords=color,bac
kground-image:,margin,padding,font,weight,display,position,top,left,right,botto
m,list,style,border,size,white,space,min,width,
 []


Overfull \hbox (2.98906pt too wide) in paragraph at lines 1--29
\OT1/cmr/m/n/12 tran-si-tion:, trans-form:, transition-property, transition-dur
ation, transition-timing-
 []


Overfull \hbox (29.6874pt too wide) in paragraph at lines 1--29
\OT1/cmr/m/n/12 function, sen-si-tive=true, morecom-ment=[l]//, morecom-ment=[s
]/**/, more-string=[b]',
 []

! Undefined control sequence.
l.31 \lstdefinelanguage
                       {JavaScript}{
? 
! Undefined control sequence.
l.39 \lstdefinelanguage
                       {HTML5}{
? 

Overfull \hbox (5.66125pt too wide) in paragraph at lines 39--77
\OT1/cmr/m/n/12 height=, style=, type=, rel=, href=, fill=, at-tribute-Name=, b
e-gin=, dur=, from=,
 []


Overfull \hbox (35.17067pt too wide) in paragraph at lines 39--77
\OT1/cmr/m/n/12 margin-bottom:, font-size:, line-height:, trans-form:, -moz-tra
nsform:, -webkit-transform:,
 []


Overfull \hbox (21.1361pt too wide) in paragraph at lines 39--77
\OT1/cmr/m/n/12 an-i-ma-tion:, -webkit-animation:, tran-si-tion:, transition-du
ration:, transition-property:,
 []

! Undefined control sequence.
l.78 \lstdefinestyle
                    {htmlcssjs} {%
? 
! Undefined control sequence.
l.90   identifierstyle=\color
                             {black},
? 
! Undefined control sequence.
l.91   keywordstyle=\color
                          {blue}\bfseries,
? 
! Undefined control sequence.
l.92   ndkeywordstyle=\color
                            {editorGreen}\bfseries,
? 
! Undefined control sequence.
l.93   stringstyle=\color
                         {editorOcher}\ttfamily,
? 
LaTeX Font Info:    Font shape `OT1/cmtt/bx/n' in size <12> not available
(Font)              Font shape `OT1/cmtt/m/n' tried instead on input line 93.
! Undefined control sequence.
l.94   commentstyle=\color
                          {brown}\ttfamily,
? 
! Undefined control sequence.
l.107 \lstdefinestyle
                     {py} {%
? 
! Undefined control sequence.
l.110 *{0}{{{\color
                   {lightred}0}}}1
? 
! Undefined control sequence.
l.111 {1}{{{\color
                  {lightred}1}}}1
? 
! Undefined control sequence.
l.112 {2}{{{\color
                  {lightred}2}}}1
? 
! Undefined control sequence.
l.113 {3}{{{\color
                  {lightred}3}}}1
? 
! Undefined control sequence.
l.114 {4}{{{\color
                  {lightred}4}}}1
? 
! Undefined control sequence.
l.115 {5}{{{\color
                  {lightred}5}}}1
? 
! Undefined control sequence.
l.116 {6}{{{\color
                  {lightred}6}}}1
? 
! Undefined control sequence.
l.117 {7}{{{\color
                  {lightred}7}}}1
? 
! Undefined control sequence.
l.118 {8}{{{\color
                  {lightred}8}}}1
? 
! Undefined control sequence.
l.119 {9}{{{\color
                  {lightred}9}}}1,
? 
! Undefined control sequence.
l.128 keywordstyle=\color
                         {blue}\bfseries,
? 
LaTeX Font Info:    Font shape `OT1/cmtt/bx/n' in size <10> not available
(Font)              Font shape `OT1/cmtt/m/n' tried instead on input line 128.
! Undefined control sequence.
l.130 commentstyle=\color
                         {brown}\itshape,
? 
LaTeX Font Info:    Font shape `OT1/cmtt/bx/it' in size <10> not available
(Font)              Font shape `OT1/cmtt/m/it' tried instead on input line 130.

! Undefined control sequence.
l.131 stringstyle=\color
                        {editorOcher}\ttfamily,
? 
)
Overfull \hbox (2.14046pt too wide) in paragraph at lines 78--74
[]\OT1/cmr/m/n/12 htmlcssjs ba-sic-style=, frame=b, xleft-mar-gin=0.75cm, num-b
ers=left, step-num-
 []


Overfull \hbox (30.49992pt too wide) in paragraph at lines 78--74
\OT1/cmr/m/n/12 ber=1, first-num-ber=1, num-ber-first-line=true, iden-ti-fier-s
tyle=black, key-word-style=blue\OT1/cmr/bx/n/12 ,
 []


Overfull \hbox (38.62123pt too wide) in paragraph at lines 78--74
\OT1/cmr/bx/n/12 nd-key-word-style=editorGreen, stringstyle=editorOcher\OT1/cmt
t/m/n/12 , commentstyle=brown,
 []


Overfull \hbox (93.7853pt too wide) in paragraph at lines 78--74
\OT1/cmtt/m/n/12 language=HTML5, alsolanguage=JavaScript, alsodigit=.:;, tabsiz
e=2, showtabs=false,
 []


Overfull \hbox (69.08528pt too wide) in paragraph at lines 78--74
\OT1/cmtt/m/n/12 showspaces=false, showstringspaces=false, extendedchars=true, 
breaklines=true,
 []


Overfull \hbox (29.6353pt too wide) in paragraph at lines 78--74
\OT1/cmr/m/n/12 style=\OT1/cmtt/m/n/10 , numbers=left, numbersep=5pt, tabsize=4
, extendedchars=true, breaklines=true,
 []


Overfull \hbox (59.93092pt too wide) in paragraph at lines 78--74
\OT1/cmtt/m/n/10 keywordstyle=blue, frame=b, commentstyle=brown\OT1/cmtt/m/it/1
0 , stringstyle=editorOcher, showspaces=false,
 []


Overfull \hbox (2.18143pt too wide) in paragraph at lines 78--74
\OT1/cmtt/m/it/10 showtabs=false, xleftmargin=17pt, framexleftmargin=17pt, fram
exrightmargin=5pt,
 []

[1


]
File: ../img/logo.eps Graphic file (type eps)
 <../img/logo.eps>
LaTeX Font Info:    External font `cmex10' loaded for size
(Font)              <14.4> on input line 115.
LaTeX Font Info:    External font `cmex10' loaded for size
(Font)              <7> on input line 115.
 [2

] [3

] [4] [5] (./thesis.toc
LaTeX Font Info:    External font `cmex10' loaded for size
(Font)              <12> on input line 2.
LaTeX Font Info:    External font `cmex10' loaded for size
(Font)              <8> on input line 2.
LaTeX Font Info:    External font `cmex10' loaded for size
(Font)              <6> on input line 2.
 [1


])
\tf@toc=\write4
\openout4 = `thesis.toc'.

 [2]
\openout2 = `preface.aux'.

 (./preface.tex)
[3


]
\openout2 = `chapters/02_online_education.aux'.

 (./chapters/02_online_education.tex
Chapter 1.
[4



]) [5] [6]
\openout2 = `chapters/03_technological_enhancements.aux'.

 (./chapters/03_technological_enhancements.tex
Chapter 2.
LaTeX Font Info:    Try loading font information for OMS+cmr on input line 14.
(/usr/local/texlive/2014/texmf-dist/tex/latex/base/omscmr.fd
File: omscmr.fd 1999/05/25 v2.5h Standard LaTeX font definitions
)
LaTeX Font Info:    Font shape `OMS/cmr/m/n' in size <12> not available
(Font)              Font shape `OMS/cmsy/m/n' tried instead on input line 14.


Package hyperref Warning: Difference (2) between bookmark levels is greater 
(hyperref)                than one, level fixed on input line 22.


Overfull \hbox (3.11961pt too wide) in paragraph at lines 26--27
[]\OT1/cmr/m/n/12 http://infoscience.epfl.ch/record/200925/files/article-vp9-su
bmited-v2.pdf -
 []

) [7



]
\openout2 = `chapters/04_short_specification.aux'.

 (./chapters/04_short_specification.tex
Chapter 3.
) [8



]
\openout2 = `chapters/05_choice_of_technologies.aux'.

 (./chapters/05_choice_of_technologies.tex
Chapter 4.

Package hyperref Warning: Difference (2) between bookmark levels is greater 
(hyperref)                than one, level fixed on input line 3.

[9



] [10]) [11]
\openout2 = `chapters/06_file_format.aux'.

 (./chapters/06_file_format.tex
Chapter 5.
) [12



]
\openout2 = `chapters/07_implementation.aux'.

 (./chapters/07_implementation.tex
Chapter 6.
) [13



]
\openout2 = `chapters/08_integration.aux'.

 (./chapters/08_integration.tex
Chapter 7.
) [14



]
\openout2 = `chapters/09_testing.aux'.

 (./chapters/09_testing.tex
Chapter 8.
) [15



]
\openout2 = `chapters/10_user_documentation.aux'.

 (./chapters/10_user_documentation.tex
Chapter 9.
) [16



]
\openout2 = `chapters/11_programmers_documentation.aux'.

 (./chapters/11_programmers_documentation.tex
Chapter 10.
) [17



]
\openout2 = `epilog.aux'.

 (./epilog.tex) [18



]
\openout2 = `bibliography.aux'.

 (./bibliography.tex
Underfull \hbox (badness 3168) in paragraph at lines 21--22
[]\OT1/cmr/m/n/12 John Oliv-er: Stu-dent Debt, HBO [on-line] 9/7/2015, avail-ab
le at
 []


Underfull \hbox (badness 2961) in paragraph at lines 23--24
[]\OT1/cmr/m/n/12 Bill Gates: On-line, All Stu-dents Sit in the Front Row [on-l
ine],
 []


Underfull \hbox (badness 4660) in paragraph at lines 23--24
\OT1/cmr/m/n/12 post-ed on Novem-ber 18, 2014, seen on 3/12/2015, avail-able at

 []


Overfull \hbox (3.6335pt too wide) in paragraph at lines 41--42
[]\OT1/cmr/m/n/12 Numberphile Youtube chan-nel, https://www.youtube.com/user/nu
mberphile 
 []


Overfull \hbox (21.25415pt too wide) in paragraph at lines 45--46
[]\OT1/cmr/m/n/12 Khan Acade-my Youtube chan-nel, https://www.youtube.com/user/
khanacademy 
 []

! Missing $ inserted.
<inserted text> 
                $
l.54 http://www.java.com/en/download/faq/java_
                                              mobile.xml
? 
! Missing $ inserted.
<inserted text> 
                $
l.55 
     
? 
! Missing } inserted.
<inserted text> 
                }
l.55 
     
? 
! Extra }, or forgotten \endgroup.
\par ...m \@noitemerr {\@@par }\fi \else {\@@par }
                                                  \fi 
l.55 
     
? 

Underfull \hbox (badness 10000) in paragraph at lines 69--71
[]\OT1/cmr/m/n/12 Bosomworth Danyl, SmartIn-sights.com, Mo-bile Mar-ket-ing Sta
tis-
 []


Underfull \hbox (badness 4686) in paragraph at lines 69--71
\OT1/cmr/m/n/12 tics 2015, pub-lished Jan-uary 15, 2015, viewed April 16, 2015 
[on-
 []


Underfull \hbox (badness 10000) in paragraph at lines 69--71
\OT1/cmr/m/n/12 line] http://www.smartinsights.com/mobile-marketing/mobile-mark
eting-
 []

[19



]) [20] [21


] [22

] [23

]
Package atveryend Info: Empty hook `BeforeClearDocument' on input line 272.
Package atveryend Info: Empty hook `AfterLastShipout' on input line 272.
 (./thesis.aux (./macros/htmlcssjs_syntax.aux)
(./preface.aux) (./chapters/02_online_education.aux)
(./chapters/03_technological_enhancements.aux)
(./chapters/04_short_specification.aux)
(./chapters/05_choice_of_technologies.aux) (./chapters/06_file_format.aux)
(./chapters/07_implementation.aux) (./chapters/08_integration.aux)
(./chapters/09_testing.aux) (./chapters/10_user_documentation.aux)
(./chapters/11_programmers_documentation.aux) (./epilog.aux)
(./bibliography.aux))
Package atveryend Info: Empty hook `AtVeryEndDocument' on input line 272.
Package atveryend Info: Executing hook `AtEndAfterFileList' on input line 272.
Package rerunfilecheck Info: File `thesis.out' has not changed.
(rerunfilecheck)             Checksum: F9DF45B51FFDA944478F567092A7977E;6663.


LaTeX Warning: There were multiply-defined labels.

Package atveryend Info: Empty hook `AtVeryVeryEnd' on input line 272.
 ) 
Here is how much of TeX's memory you used:
 8399 strings out of 494916
 117305 string characters out of 6180010
 192229 words of memory out of 5000000
 11587 multiletter control sequences out of 15000+600000
 10874 words of font info for 39 fonts, out of 8000000 for 9000
 24 hyphenation exceptions out of 8191
 29i,7n,30p,1046b,422s stack positions out of 5000i,500n,10000p,200000b,80000s

Output written on thesis.dvi (28 pages, 90484 bytes).
