\BOOKMARK [0][-]{chapter*.2}{\376\377\000I\000n\000t\000r\000o\000d\000u\000c\000t\000i\000o\000n}{}% 1
\BOOKMARK [1][-]{section.0.1}{\376\377\000K\000h\000a\000n\000\040\000A\000c\000a\000d\000e\000m\000y}{chapter*.2}% 2
\BOOKMARK [1][-]{section.0.2}{\376\377\000V\000e\000c\000t\000o\000r\000\040\000S\000c\000r\000e\000e\000n\000c\000a\000s\000t\000\040\000p\000r\000o\000j\000e\000c\000t}{chapter*.2}% 3
\BOOKMARK [1][-]{section.0.3}{\376\377\000T\000h\000e\000s\000i\000s\000\040\000s\000t\000r\000u\000c\000t\000u\000r\000e}{chapter*.2}% 4
\BOOKMARK [0][-]{chapter.1}{\376\377\000D\000i\000s\000t\000a\000n\000c\000e\000\040\000e\000d\000u\000c\000a\000t\000i\000o\000n}{}% 5
\BOOKMARK [1][-]{section.1.1}{\376\377\000C\000u\000r\000r\000e\000n\000t\000\040\000s\000y\000s\000t\000e\000m\000s}{chapter.1}% 6
\BOOKMARK [2][-]{subsection.1.1.1}{\376\377\000M\000o\000o\000d\000l\000e}{section.1.1}% 7
\BOOKMARK [2][-]{subsection.1.1.2}{\376\377\000C\000o\000u\000r\000s\000e\000r\000a}{section.1.1}% 8
\BOOKMARK [2][-]{subsection.1.1.3}{\376\377\000Y\000o\000u\000t\000u\000b\000e\000.\000c\000o\000m}{section.1.1}% 9
\BOOKMARK [2][-]{subsection.1.1.4}{\376\377\000K\000h\000a\000n\000\040\000A\000c\000a\000d\000e\000m\000y}{section.1.1}% 10
\BOOKMARK [0][-]{chapter.2}{\376\377\000P\000o\000s\000s\000i\000b\000l\000e\000\040\000t\000e\000c\000h\000n\000o\000l\000o\000g\000i\000c\000a\000l\000\040\000e\000n\000h\000a\000n\000c\000m\000e\000n\000t\000s}{}% 11
\BOOKMARK [1][-]{subsection.2.0.5}{\376\377\000V\000i\000d\000e\000o\000\040\000c\000o\000d\000e\000c\000s}{chapter.2}% 12
\BOOKMARK [0][-]{chapter.3}{\376\377\000T\000h\000e\000\040\000V\000e\000c\000t\000o\000r\000\040\000V\000i\000d\000e\000o\000\040\000p\000r\000o\000j\000e\000c\000t}{}% 13
\BOOKMARK [1][-]{section.3.1}{\376\377\000V\000i\000d\000e\000o\000\040\000p\000l\000a\000y\000e\000r\000\040\000r\000e\000q\000u\000i\000r\000e\000m\000e\000n\000t\000s}{chapter.3}% 14
\BOOKMARK [1][-]{section.3.2}{\376\377\000V\000i\000d\000e\000o\000\040\000r\000e\000c\000o\000r\000d\000i\000n\000g\000\040\000t\000o\000o\000l\000\040\000r\000e\000q\000u\000i\000r\000e\000m\000e\000n\000t\000s}{chapter.3}% 15
\BOOKMARK [1][-]{section.3.3}{\376\377\000G\000o\000a\000l\000s\000\040\000o\000f\000\040\000t\000h\000i\000s\000\040\000t\000h\000e\000s\000i\000s}{chapter.3}% 16
\BOOKMARK [0][-]{chapter.4}{\376\377\000A\000n\000a\000l\000y\000s\000i\000s}{}% 17
\BOOKMARK [1][-]{subsection.4.0.1}{\376\377\000T\000e\000c\000h\000n\000i\000c\000a\000l\000\040\000r\000e\000q\000u\000i\000r\000e\000m\000e\000n\000t\000s}{chapter.4}% 18
\BOOKMARK [2][-]{subsection.4.0.2}{\376\377\000A\000v\000a\000i\000l\000a\000b\000l\000e\000\040\000t\000e\000c\000h\000o\000n\000o\000l\000o\000g\000i\000e\000s}{subsection.4.0.1}% 19
\BOOKMARK [2][-]{subsection.4.0.3}{\376\377\000C\000o\000n\000c\000l\000u\000s\000i\000o\000n}{subsection.4.0.1}% 20
\BOOKMARK [2][-]{subsection.4.0.4}{\376\377\000P\000o\000s\000s\000i\000b\000l\000e\000\040\000i\000s\000s\000u\000e\000s\000\040\000a\000n\000d\000\040\000k\000n\000o\000w\000n\000\040\000l\000i\000m\000i\000t\000a\000t\000i\000o\000n\000s}{subsection.4.0.1}% 21
\BOOKMARK [0][-]{chapter.5}{\376\377\000V\000e\000c\000t\000o\000r\000\040\000S\000c\000r\000e\000e\000n\000c\000a\000s\000t\000\040\000f\000i\000l\000e\000\040\000f\000o\000r\000m\000a\000t}{}% 22
\BOOKMARK [1][-]{section.5.1}{\376\377\000A\000u\000d\000i\000o}{chapter.5}% 23
\BOOKMARK [1][-]{section.5.2}{\376\377\000V\000i\000d\000e\000o}{chapter.5}% 24
\BOOKMARK [2][-]{subsection.5.2.1}{\376\377\000B\000i\000n\000a\000r\000y\000\040\000f\000o\000r\000m\000a\000t}{section.5.2}% 25
\BOOKMARK [2][-]{subsection.5.2.2}{\376\377\000T\000e\000x\000t\000\040\000f\000o\000r\000m\000a\000t}{section.5.2}% 26
\BOOKMARK [1][-]{section.5.3}{\376\377\000C\000o\000n\000c\000l\000u\000s\000i\000o\000n}{chapter.5}% 27
\BOOKMARK [0][-]{chapter.6}{\376\377\000I\000m\000p\000l\000e\000m\000e\000n\000t\000a\000t\000i\000o\000n}{}% 28
\BOOKMARK [1][-]{section.6.1}{\376\377\000H\000T\000M\000L\0005}{chapter.6}% 29
\BOOKMARK [2][-]{subsection.6.1.1}{\376\377\000E\000v\000e\000n\000t\000\040\000d\000r\000i\000v\000e\000n\000\040\000p\000r\000o\000g\000r\000a\000m\000m\000i\000n\000g}{section.6.1}% 30
\BOOKMARK [2][-]{subsection.6.1.2}{\376\377\000W\000o\000r\000k\000i\000n\000g\000\040\000w\000i\000t\000h\000\040\000X\000M\000L\000\040\000d\000a\000t\000a}{section.6.1}% 31
\BOOKMARK [2][-]{subsection.6.1.3}{\376\377\000D\000r\000a\000w\000i\000n\000g\000\040\000l\000i\000n\000e\000s}{section.6.1}% 32
\BOOKMARK [2][-]{subsection.6.1.4}{\376\377\000A\000u\000d\000i\000o\000\040\000c\000a\000p\000t\000u\000r\000i\000n\000g}{section.6.1}% 33
\BOOKMARK [2][-]{subsection.6.1.5}{\376\377\000A\000u\000d\000i\000o\000\040\000p\000r\000o\000c\000e\000s\000s\000i\000n\000g}{section.6.1}% 34
\BOOKMARK [2][-]{subsection.6.1.6}{\376\377\000I\000n\000p\000u\000t\000\040\000h\000a\000n\000d\000l\000i\000n\000g}{section.6.1}% 35
\BOOKMARK [0][-]{chapter.7}{\376\377\000I\000n\000t\000e\000g\000r\000a\000t\000i\000o\000n\000\040\000i\000n\000t\000o\000\040\000o\000t\000h\000e\000r\000\040\000a\000p\000p\000l\000i\000c\000a\000t\000i\000o\000n\000s}{}% 36
\BOOKMARK [1][-]{section.7.1}{\376\377\000V\000i\000d\000e\000o\000\040\000p\000l\000a\000y\000e\000r}{chapter.7}% 37
\BOOKMARK [1][-]{section.7.2}{\376\377\000V\000i\000d\000e\000o\000\040\000r\000e\000c\000o\000r\000d\000i\000n\000g}{chapter.7}% 38
\BOOKMARK [0][-]{chapter.8}{\376\377\000T\000e\000s\000t\000i\000n\000g}{}% 39
\BOOKMARK [1][-]{section.8.1}{\376\377\000C\000o\000m\000p\000a\000r\000i\000n\000t\000\040\000t\000h\000e\000\040\000t\000o\000o\000l\000\040\000t\000o\000\040\000y\000o\000u\000t\000u\000b\000e}{chapter.8}% 40
\BOOKMARK [0][-]{chapter.9}{\376\377\000U\000s\000e\000r\000s\000'\000\040\000d\000o\000c\000u\000m\000e\000n\000t\000a\000t\000i\000o\000n}{}% 41
\BOOKMARK [0][-]{chapter.10}{\376\377\000P\000r\000o\000g\000r\000a\000m\000m\000e\000r\000s\000'\000\040\000d\000o\000c\000u\000m\000e\000n\000t\000a\000t\000i\000o\000n}{}% 42
\BOOKMARK [0][-]{chapter*.10}{\376\377\000C\000o\000n\000c\000l\000u\000s\000i\000o\000n}{}% 43
\BOOKMARK [0][-]{chapter*.11}{\376\377\000B\000i\000b\000l\000i\000o\000g\000r\000a\000p\000h\000y}{}% 44
\BOOKMARK [0][-]{chapter*.12}{\376\377\000L\000i\000s\000t\000\040\000o\000f\000\040\000T\000a\000b\000l\000e\000s}{}% 45
\BOOKMARK [0][-]{chapter*.13}{\376\377\000L\000i\000s\000t\000\040\000o\000f\000\040\000A\000b\000b\000r\000e\000v\000i\000a\000t\000i\000o\000n\000s}{}% 46
\BOOKMARK [0][-]{chapter*.14}{\376\377\000A\000t\000t\000a\000c\000h\000m\000e\000n\000t\000s}{}% 47
